no change     /scratch/jx00/cw2590/miniconda/condabin/conda
no change     /scratch/jx00/cw2590/miniconda/bin/conda
no change     /scratch/jx00/cw2590/miniconda/bin/conda-env
no change     /scratch/jx00/cw2590/miniconda/bin/activate
no change     /scratch/jx00/cw2590/miniconda/bin/deactivate
no change     /scratch/jx00/cw2590/miniconda/etc/profile.d/conda.sh
no change     /scratch/jx00/cw2590/miniconda/etc/fish/conf.d/conda.fish
no change     /scratch/jx00/cw2590/miniconda/shell/condabin/Conda.psm1
no change     /scratch/jx00/cw2590/miniconda/shell/condabin/conda-hook.ps1
no change     /scratch/jx00/cw2590/miniconda/lib/python3.9/site-packages/xontrib/conda.xsh
no change     /scratch/jx00/cw2590/miniconda/etc/profile.d/conda.csh
no change     /home/552/cw2590/.bashrc
No action taken.
Namespace(batch_size=64, draw_frequency=1, input_length=10240, models='leopard_unet', number_of_samples=10000, path='/scratch/jx00/cw2590/DL-based-DNA-decoding/', random_seed=1, transcription_factor='CTCF', vocab_size=5)
Model: "model"
__________________________________________________________________________________________________
 Layer (type)                   Output Shape         Param #     Connected to                     
==================================================================================================
 input_3 (InputLayer)           [(None, 10240, 5)]   0           []                               
                                                                                                  
 conv1d_6 (Conv1D)              (None, 10240, 15)    540         ['input_3[0][0]']                
                                                                                                  
 batch_normalization_3 (BatchNo  (None, 10240, 15)   60          ['conv1d_6[0][0]']               
 rmalization)                                                                                     
                                                                                                  
 conv1d_7 (Conv1D)              (None, 10240, 15)    1590        ['batch_normalization_3[0][0]']  
                                                                                                  
 batch_normalization_4 (BatchNo  (None, 10240, 15)   60          ['conv1d_7[0][0]']               
 rmalization)                                                                                     
                                                                                                  
 max_pooling1d (MaxPooling1D)   (None, 5120, 15)     0           ['batch_normalization_4[0][0]']  
                                                                                                  
 conv1d_8 (Conv1D)              (None, 5120, 22)     2332        ['max_pooling1d[0][0]']          
                                                                                                  
 batch_normalization_5 (BatchNo  (None, 5120, 22)    88          ['conv1d_8[0][0]']               
 rmalization)                                                                                     
                                                                                                  
 conv1d_9 (Conv1D)              (None, 5120, 22)     3410        ['batch_normalization_5[0][0]']  
                                                                                                  
 batch_normalization_6 (BatchNo  (None, 5120, 22)    88          ['conv1d_9[0][0]']               
 rmalization)                                                                                     
                                                                                                  
 max_pooling1d_1 (MaxPooling1D)  (None, 2560, 22)    0           ['batch_normalization_6[0][0]']  
                                                                                                  
 conv1d_10 (Conv1D)             (None, 2560, 33)     5115        ['max_pooling1d_1[0][0]']        
                                                                                                  
 batch_normalization_7 (BatchNo  (None, 2560, 33)    132         ['conv1d_10[0][0]']              
 rmalization)                                                                                     
                                                                                                  
 conv1d_11 (Conv1D)             (None, 2560, 33)     7656        ['batch_normalization_7[0][0]']  
                                                                                                  
 batch_normalization_8 (BatchNo  (None, 2560, 33)    132         ['conv1d_11[0][0]']              
 rmalization)                                                                                     
                                                                                                  
 max_pooling1d_2 (MaxPooling1D)  (None, 1280, 33)    0           ['batch_normalization_8[0][0]']  
                                                                                                  
 conv1d_12 (Conv1D)             (None, 1280, 49)     11368       ['max_pooling1d_2[0][0]']        
                                                                                                  
 batch_normalization_9 (BatchNo  (None, 1280, 49)    196         ['conv1d_12[0][0]']              
 rmalization)                                                                                     
                                                                                                  
 conv1d_13 (Conv1D)             (None, 1280, 49)     16856       ['batch_normalization_9[0][0]']  
                                                                                                  
 batch_normalization_10 (BatchN  (None, 1280, 49)    196         ['conv1d_13[0][0]']              
 ormalization)                                                                                    
                                                                                                  
 max_pooling1d_3 (MaxPooling1D)  (None, 640, 49)     0           ['batch_normalization_10[0][0]'] 
                                                                                                  
 conv1d_14 (Conv1D)             (None, 640, 73)      25112       ['max_pooling1d_3[0][0]']        
                                                                                                  
 batch_normalization_11 (BatchN  (None, 640, 73)     292         ['conv1d_14[0][0]']              
 ormalization)                                                                                    
                                                                                                  
 conv1d_15 (Conv1D)             (None, 640, 73)      37376       ['batch_normalization_11[0][0]'] 
                                                                                                  
 batch_normalization_12 (BatchN  (None, 640, 73)     292         ['conv1d_15[0][0]']              
 ormalization)                                                                                    
                                                                                                  
 max_pooling1d_4 (MaxPooling1D)  (None, 320, 73)     0           ['batch_normalization_12[0][0]'] 
                                                                                                  
 conv1d_16 (Conv1D)             (None, 320, 109)     55808       ['max_pooling1d_4[0][0]']        
                                                                                                  
 batch_normalization_13 (BatchN  (None, 320, 109)    436         ['conv1d_16[0][0]']              
 ormalization)                                                                                    
                                                                                                  
 conv1d_17 (Conv1D)             (None, 320, 109)     83276       ['batch_normalization_13[0][0]'] 
                                                                                                  
 batch_normalization_14 (BatchN  (None, 320, 109)    436         ['conv1d_17[0][0]']              
 ormalization)                                                                                    
                                                                                                  
 conv1d_transpose (Conv1DTransp  (None, 640, 72)     15768       ['batch_normalization_14[0][0]'] 
 ose)                                                                                             
                                                                                                  
 concatenate (Concatenate)      (None, 640, 145)     0           ['conv1d_transpose[0][0]',       
                                                                  'batch_normalization_12[0][0]'] 
                                                                                                  
 conv1d_18 (Conv1D)             (None, 640, 72)      73152       ['concatenate[0][0]']            
                                                                                                  
 batch_normalization_15 (BatchN  (None, 640, 72)     288         ['conv1d_18[0][0]']              
 ormalization)                                                                                    
                                                                                                  
 conv1d_19 (Conv1D)             (None, 640, 72)      36360       ['batch_normalization_15[0][0]'] 
                                                                                                  
 batch_normalization_16 (BatchN  (None, 640, 72)     288         ['conv1d_19[0][0]']              
 ormalization)                                                                                    
                                                                                                  
 conv1d_transpose_1 (Conv1DTran  (None, 1280, 48)    6960        ['batch_normalization_16[0][0]'] 
 spose)                                                                                           
                                                                                                  
 concatenate_1 (Concatenate)    (None, 1280, 97)     0           ['conv1d_transpose_1[0][0]',     
                                                                  'batch_normalization_10[0][0]'] 
                                                                                                  
 conv1d_20 (Conv1D)             (None, 1280, 48)     32640       ['concatenate_1[0][0]']          
                                                                                                  
 batch_normalization_17 (BatchN  (None, 1280, 48)    192         ['conv1d_20[0][0]']              
 ormalization)                                                                                    
                                                                                                  
 conv1d_21 (Conv1D)             (None, 1280, 48)     16176       ['batch_normalization_17[0][0]'] 
                                                                                                  
 batch_normalization_18 (BatchN  (None, 1280, 48)    192         ['conv1d_21[0][0]']              
 ormalization)                                                                                    
                                                                                                  
 conv1d_transpose_2 (Conv1DTran  (None, 2560, 32)    3104        ['batch_normalization_18[0][0]'] 
 spose)                                                                                           
                                                                                                  
 concatenate_2 (Concatenate)    (None, 2560, 65)     0           ['conv1d_transpose_2[0][0]',     
                                                                  'batch_normalization_8[0][0]']  
                                                                                                  
 conv1d_22 (Conv1D)             (None, 2560, 32)     14592       ['concatenate_2[0][0]']          
                                                                                                  
 batch_normalization_19 (BatchN  (None, 2560, 32)    128         ['conv1d_22[0][0]']              
 ormalization)                                                                                    
                                                                                                  
 conv1d_23 (Conv1D)             (None, 2560, 32)     7200        ['batch_normalization_19[0][0]'] 
                                                                                                  
 batch_normalization_20 (BatchN  (None, 2560, 32)    128         ['conv1d_23[0][0]']              
 ormalization)                                                                                    
                                                                                                  
 conv1d_transpose_3 (Conv1DTran  (None, 5120, 21)    1365        ['batch_normalization_20[0][0]'] 
 spose)                                                                                           
                                                                                                  
 concatenate_3 (Concatenate)    (None, 5120, 43)     0           ['conv1d_transpose_3[0][0]',     
                                                                  'batch_normalization_6[0][0]']  
                                                                                                  
 conv1d_24 (Conv1D)             (None, 5120, 21)     6342        ['concatenate_3[0][0]']          
                                                                                                  
 batch_normalization_21 (BatchN  (None, 5120, 21)    84          ['conv1d_24[0][0]']              
 ormalization)                                                                                    
                                                                                                  
 conv1d_25 (Conv1D)             (None, 5120, 21)     3108        ['batch_normalization_21[0][0]'] 
                                                                                                  
 batch_normalization_22 (BatchN  (None, 5120, 21)    84          ['conv1d_25[0][0]']              
 ormalization)                                                                                    
                                                                                                  
 conv1d_transpose_4 (Conv1DTran  (None, 10240, 14)   602         ['batch_normalization_22[0][0]'] 
 spose)                                                                                           
                                                                                                  
 concatenate_4 (Concatenate)    (None, 10240, 29)    0           ['conv1d_transpose_4[0][0]',     
                                                                  'batch_normalization_4[0][0]']  
                                                                                                  
 conv1d_26 (Conv1D)             (None, 10240, 14)    2856        ['concatenate_4[0][0]']          
                                                                                                  
 batch_normalization_23 (BatchN  (None, 10240, 14)   56          ['conv1d_26[0][0]']              
 ormalization)                                                                                    
                                                                                                  
 conv1d_27 (Conv1D)             (None, 10240, 14)    1386        ['batch_normalization_23[0][0]'] 
                                                                                                  
 batch_normalization_24 (BatchN  (None, 10240, 14)   56          ['conv1d_27[0][0]']              
 ormalization)                                                                                    
                                                                                                  
 conv1d_28 (Conv1D)             (None, 10240, 1)     15          ['batch_normalization_24[0][0]'] 
                                                                                                  
==================================================================================================
Total params: 475,969
Trainable params: 474,017
Non-trainable params: 1,952
__________________________________________________________________________________________________
Epoch 1/200
313/313 [==============================] - 39s 90ms/step - loss: 0.0468 - pr_auc: 4.1978e-04 - dice_coef: 0.0060 - binary_io_u: 3.1243e-04 - val_loss: 0.0024 - val_pr_auc: 0.0094 - val_dice_coef: 0.0101 - val_binary_io_u: 0.0044
Epoch 2/200
313/313 [==============================] - 27s 83ms/step - loss: 0.0013 - pr_auc: 0.0766 - dice_coef: 0.0346 - binary_io_u: 0.0109 - val_loss: 0.0012 - val_pr_auc: 0.1024 - val_dice_coef: 0.0438 - val_binary_io_u: 0.0114
Epoch 3/200
 13/313 [>.............................] - ETA: 23s - loss: 0.0011 - pr_auc: 0.0757 - dice_coef: 0.0428 - binary_io_u: 0.0143
Epoch 3: saving model to /scratch/jx00/cw2590/DL-based-DNA-decoding/output/leopard_unet_checkpoints/-3.h5
313/313 [==============================] - 27s 84ms/step - loss: 9.8290e-04 - pr_auc: 0.1641 - dice_coef: 0.0853 - binary_io_u: 0.0461 - val_loss: 0.0060 - val_pr_auc: 0.2226 - val_dice_coef: 0.0647 - val_binary_io_u: 0.0560
Epoch 4/200
313/313 [==============================] - 27s 83ms/step - loss: 8.0397e-04 - pr_auc: 0.3232 - dice_coef: 0.1894 - binary_io_u: 0.1685 - val_loss: 8.8688e-04 - val_pr_auc: 0.3340 - val_dice_coef: 0.2367 - val_binary_io_u: 0.2411
Epoch 5/200
 27/313 [=>............................] - ETA: 22s - loss: 6.7038e-04 - pr_auc: 0.4572 - dice_coef: 0.2930 - binary_io_u: 0.3029
Epoch 5: saving model to /scratch/jx00/cw2590/DL-based-DNA-decoding/output/leopard_unet_checkpoints/-5.h5
313/313 [==============================] - 27s 84ms/step - loss: 6.7159e-04 - pr_auc: 0.4596 - dice_coef: 0.2999 - binary_io_u: 0.2890 - val_loss: 7.6822e-04 - val_pr_auc: 0.4341 - val_dice_coef: 0.2330 - val_binary_io_u: 0.1511
Epoch 6/200
313/313 [==============================] - 26s 83ms/step - loss: 6.2205e-04 - pr_auc: 0.5041 - dice_coef: 0.3390 - binary_io_u: 0.3260 - val_loss: 0.0011 - val_pr_auc: 0.4664 - val_dice_coef: 0.2645 - val_binary_io_u: 0.2745
Epoch 7/200
 41/313 [==>...........................] - ETA: 20s - loss: 5.6943e-04 - pr_auc: 0.5654 - dice_coef: 0.3797 - binary_io_u: 0.3758
Epoch 7: saving model to /scratch/jx00/cw2590/DL-based-DNA-decoding/output/leopard_unet_checkpoints/-7.h5
313/313 [==============================] - 27s 84ms/step - loss: 6.1066e-04 - pr_auc: 0.5066 - dice_coef: 0.3471 - binary_io_u: 0.3324 - val_loss: 6.9257e-04 - val_pr_auc: 0.4808 - val_dice_coef: 0.3059 - val_binary_io_u: 0.2354
Epoch 8/200
313/313 [==============================] - 26s 83ms/step - loss: 5.9059e-04 - pr_auc: 0.5227 - dice_coef: 0.3661 - binary_io_u: 0.3465 - val_loss: 9.0236e-04 - val_pr_auc: 0.4534 - val_dice_coef: 0.2911 - val_binary_io_u: 0.3198
Epoch 9/200
 55/313 [====>.........................] - ETA: 19s - loss: 5.5773e-04 - pr_auc: 0.5462 - dice_coef: 0.3785 - binary_io_u: 0.3638
Epoch 9: saving model to /scratch/jx00/cw2590/DL-based-DNA-decoding/output/leopard_unet_checkpoints/-9.h5
313/313 [==============================] - 27s 84ms/step - loss: 5.8383e-04 - pr_auc: 0.5231 - dice_coef: 0.3636 - binary_io_u: 0.3437 - val_loss: 6.5743e-04 - val_pr_auc: 0.4829 - val_dice_coef: 0.3196 - val_binary_io_u: 0.3042
Epoch 10/200
313/313 [==============================] - 26s 83ms/step - loss: 5.7236e-04 - pr_auc: 0.5355 - dice_coef: 0.3753 - binary_io_u: 0.3553 - val_loss: 9.2022e-04 - val_pr_auc: 0.4961 - val_dice_coef: 0.2957 - val_binary_io_u: 0.3217
Epoch 11/200
 69/313 [=====>........................] - ETA: 18s - loss: 5.8828e-04 - pr_auc: 0.5155 - dice_coef: 0.3659 - binary_io_u: 0.3362
Epoch 11: saving model to /scratch/jx00/cw2590/DL-based-DNA-decoding/output/leopard_unet_checkpoints/-11.h5
313/313 [==============================] - 27s 84ms/step - loss: 5.7304e-04 - pr_auc: 0.5324 - dice_coef: 0.3805 - binary_io_u: 0.3540 - val_loss: 8.0262e-04 - val_pr_auc: 0.5069 - val_dice_coef: 0.3488 - val_binary_io_u: 0.3425
Epoch 12/200
313/313 [==============================] - 27s 83ms/step - loss: 5.5898e-04 - pr_auc: 0.5418 - dice_coef: 0.3855 - binary_io_u: 0.3619 - val_loss: 6.8162e-04 - val_pr_auc: 0.4557 - val_dice_coef: 0.2854 - val_binary_io_u: 0.2790
Epoch 13/200
 83/313 [======>.......................] - ETA: 17s - loss: 5.3765e-04 - pr_auc: 0.5684 - dice_coef: 0.3956 - binary_io_u: 0.3782
Epoch 13: saving model to /scratch/jx00/cw2590/DL-based-DNA-decoding/output/leopard_unet_checkpoints/-13.h5
313/313 [==============================] - 27s 83ms/step - loss: 5.5093e-04 - pr_auc: 0.5531 - dice_coef: 0.3936 - binary_io_u: 0.3682 - val_loss: 6.6971e-04 - val_pr_auc: 0.5021 - val_dice_coef: 0.3423 - val_binary_io_u: 0.3678
Epoch 14/200
313/313 [==============================] - 26s 83ms/step - loss: 5.5129e-04 - pr_auc: 0.5462 - dice_coef: 0.3941 - binary_io_u: 0.3626 - val_loss: 6.2511e-04 - val_pr_auc: 0.5120 - val_dice_coef: 0.3995 - val_binary_io_u: 0.3686
Epoch 15/200
 97/313 [========>.....................] - ETA: 16s - loss: 5.4429e-04 - pr_auc: 0.5447 - dice_coef: 0.3957 - binary_io_u: 0.3653
Epoch 15: saving model to /scratch/jx00/cw2590/DL-based-DNA-decoding/output/leopard_unet_checkpoints/-15.h5
313/313 [==============================] - 27s 83ms/step - loss: 5.4570e-04 - pr_auc: 0.5499 - dice_coef: 0.3968 - binary_io_u: 0.3716 - val_loss: 6.3427e-04 - val_pr_auc: 0.5155 - val_dice_coef: 0.4319 - val_binary_io_u: 0.3520
Epoch 16/200
313/313 [==============================] - 26s 83ms/step - loss: 5.3675e-04 - pr_auc: 0.5629 - dice_coef: 0.4028 - binary_io_u: 0.3785 - val_loss: 9.9386e-04 - val_pr_auc: 0.5054 - val_dice_coef: 0.2648 - val_binary_io_u: 0.3145
Epoch 17/200
111/313 [=========>....................] - ETA: 15s - loss: 5.2932e-04 - pr_auc: 0.5523 - dice_coef: 0.3980 - binary_io_u: 0.3682
Epoch 17: saving model to /scratch/jx00/cw2590/DL-based-DNA-decoding/output/leopard_unet_checkpoints/-17.h5
313/313 [==============================] - 27s 84ms/step - loss: 5.3327e-04 - pr_auc: 0.5648 - dice_coef: 0.4055 - binary_io_u: 0.3783 - val_loss: 0.0021 - val_pr_auc: 0.4601 - val_dice_coef: 0.1553 - val_binary_io_u: 0.1774
Epoch 18/200
313/313 [==============================] - 27s 83ms/step - loss: 5.3332e-04 - pr_auc: 0.5653 - dice_coef: 0.4085 - binary_io_u: 0.3800 - val_loss: 6.1286e-04 - val_pr_auc: 0.5306 - val_dice_coef: 0.4278 - val_binary_io_u: 0.3759
Epoch 19/200
125/313 [==========>...................] - ETA: 14s - loss: 5.1702e-04 - pr_auc: 0.5721 - dice_coef: 0.4165 - binary_io_u: 0.3936
Epoch 19: saving model to /scratch/jx00/cw2590/DL-based-DNA-decoding/output/leopard_unet_checkpoints/-19.h5
313/313 [==============================] - 27s 84ms/step - loss: 5.2258e-04 - pr_auc: 0.5773 - dice_coef: 0.4181 - binary_io_u: 0.3881 - val_loss: 7.0450e-04 - val_pr_auc: 0.4757 - val_dice_coef: 0.3759 - val_binary_io_u: 0.3519
Epoch 20/200
313/313 [==============================] - 27s 83ms/step - loss: 5.1797e-04 - pr_auc: 0.5783 - dice_coef: 0.4199 - binary_io_u: 0.3932 - val_loss: 6.3097e-04 - val_pr_auc: 0.5262 - val_dice_coef: 0.4450 - val_binary_io_u: 0.3554
Epoch 21/200
139/313 [============>.................] - ETA: 13s - loss: 4.9878e-04 - pr_auc: 0.5832 - dice_coef: 0.4186 - binary_io_u: 0.3936
Epoch 21: saving model to /scratch/jx00/cw2590/DL-based-DNA-decoding/output/leopard_unet_checkpoints/-21.h5
313/313 [==============================] - 27s 83ms/step - loss: 5.1499e-04 - pr_auc: 0.5775 - dice_coef: 0.4165 - binary_io_u: 0.3914 - val_loss: 7.6404e-04 - val_pr_auc: 0.5175 - val_dice_coef: 0.3330 - val_binary_io_u: 0.3587
Epoch 22/200
313/313 [==============================] - 26s 83ms/step - loss: 5.5456e-04 - pr_auc: 0.5449 - dice_coef: 0.3898 - binary_io_u: 0.3586 - val_loss: 6.7218e-04 - val_pr_auc: 0.5020 - val_dice_coef: 0.3321 - val_binary_io_u: 0.3588
Epoch 23/200
153/313 [=============>................] - ETA: 12s - loss: 5.3192e-04 - pr_auc: 0.5489 - dice_coef: 0.3945 - binary_io_u: 0.3727
Epoch 23: saving model to /scratch/jx00/cw2590/DL-based-DNA-decoding/output/leopard_unet_checkpoints/-23.h5
313/313 [==============================] - 27s 84ms/step - loss: 5.3107e-04 - pr_auc: 0.5633 - dice_coef: 0.4065 - binary_io_u: 0.3804 - val_loss: 6.4545e-04 - val_pr_auc: 0.4776 - val_dice_coef: 0.3595 - val_binary_io_u: 0.3213
63/63 [==============================] - 3s 40ms/step - loss: 7.3153e-04 - pr_auc: 0.5288 - dice_coef: 0.4109 - binary_io_u: 0.3701
======================================================================================
                  Resource Usage on 2022-10-21 21:14:00:
   Job Id:             61266871.gadi-pbs
   Project:            jx00
   Exit Status:        0
   Service Units:      19.48
   NCPUs Requested:    16                     NCPUs Used: 16              
                                           CPU Time Used: 00:07:21        
   Memory Requested:   80.0GB                Memory Used: 13.17GB         
   NGPUs Requested:    1                 GPU Utilisation: 30%             
                                         GPU Memory Used: 3.28GB          
   Walltime requested: 01:00:00            Walltime Used: 00:16:14        
   JobFS requested:    100.0MB                JobFS used: 8.25MB          
======================================================================================
